This is pdfTeX, Version 3.14159265-2.6-1.40.19 (MiKTeX 2.9.6730 64-bit) (preloaded format=pdflatex 2018.12.3)  19 JUL 2020 09:58
entering extended mode
**"./Assignment 2.tex"
("Assignment 2.tex"
LaTeX2e <2018-04-01> patch level 5
("C:\Users\Jacu\AppData\Local\Programs\MiKTeX 2.9\tex\latex\base\article.cls"
Document Class: article 2014/09/29 v1.4h Standard LaTeX document class
("C:\Users\Jacu\AppData\Local\Programs\MiKTeX 2.9\tex\latex\base\size12.clo"
File: size12.clo 2014/09/29 v1.4h Standard LaTeX file (size option)
)
\c@part=\count80
\c@section=\count81
\c@subsection=\count82
\c@subsubsection=\count83
\c@paragraph=\count84
\c@subparagraph=\count85
\c@figure=\count86
\c@table=\count87
\abovecaptionskip=\skip41
\belowcaptionskip=\skip42
\bibindent=\dimen102
)
("C:\Users\Jacu\AppData\Local\Programs\MiKTeX 2.9\tex\generic\babel\babel.sty"
Package: babel 2018/06/05 3.22 The Babel package

("C:\Users\Jacu\AppData\Local\Programs\MiKTeX 2.9\tex\generic\babel\switch.def"
File: switch.def 2018/06/05 3.22 Babel switching mechanism
)
*************************************
* Local config file bblopts.cfg used
*
("C:\Users\Jacu\AppData\Local\Programs\MiKTeX 2.9\tex\latex\arabi\bblopts.cfg"
File: bblopts.cfg 2005/09/08 v0.1 add Arabic and Farsi to "declared" options of
 babel
)
("C:\Users\Jacu\AppData\Local\Programs\MiKTeX 2.9\tex\latex\babel-english\engli
sh.ldf"
Language: english 2017/06/06 v3.3r English support from the babel system

("C:\Users\Jacu\AppData\Local\Programs\MiKTeX 2.9\tex\generic\babel\babel.def"
File: babel.def 2018/06/05 3.22 Babel common definitions
\babel@savecnt=\count88
\U@D=\dimen103

("C:\Users\Jacu\AppData\Local\Programs\MiKTeX 2.9\tex\generic\babel\txtbabel.de
f")
\bbl@dirlevel=\count89
)
\l@canadian = a dialect from \language\l@american 
\l@australian = a dialect from \language\l@british 
\l@newzealand = a dialect from \language\l@british 
))
("C:\Users\Jacu\AppData\Local\Programs\MiKTeX 2.9\tex\latex\base\fontenc.sty"
Package: fontenc 2017/04/05 v2.0i Standard LaTeX package

("C:\Users\Jacu\AppData\Local\Programs\MiKTeX 2.9\tex\latex\base\t1enc.def"
File: t1enc.def 2017/04/05 v2.0i Standard LaTeX file
LaTeX Font Info:    Redeclaring font encoding T1 on input line 48.
))
("C:\Users\Jacu\AppData\Local\Programs\MiKTeX 2.9\tex\latex\base\inputenc.sty"
Package: inputenc 2018/04/06 v1.3b Input encoding file
\inpenc@prehook=\toks14
\inpenc@posthook=\toks15
)
("C:\Users\Jacu\AppData\Local\Programs\MiKTeX 2.9\tex\latex\amsfonts\amssymb.st
y"
Package: amssymb 2013/01/14 v3.01 AMS font symbols

("C:\Users\Jacu\AppData\Local\Programs\MiKTeX 2.9\tex\latex\amsfonts\amsfonts.s
ty"
Package: amsfonts 2013/01/14 v3.01 Basic AMSFonts support
\@emptytoks=\toks16
\symAMSa=\mathgroup4
\symAMSb=\mathgroup5
LaTeX Font Info:    Overwriting math alphabet `\mathfrak' in version `bold'
(Font)                  U/euf/m/n --> U/euf/b/n on input line 106.
))
("C:\Users\Jacu\AppData\Local\Programs\MiKTeX 2.9\tex\latex\amsmath\amsmath.sty
"
Package: amsmath 2017/09/02 v2.17a AMS math features
\@mathmargin=\skip43

For additional information on amsmath, use the `?' option.
("C:\Users\Jacu\AppData\Local\Programs\MiKTeX 2.9\tex\latex\amsmath\amstext.sty
"
Package: amstext 2000/06/29 v2.01 AMS text
 ("C:\Users\Jacu\AppData\Local\Programs\MiKTeX 2.9\tex\latex\amsmath\amsgen.sty
"
File: amsgen.sty 1999/11/30 v2.0 generic functions
\@emptytoks=\toks17
\ex@=\dimen104
))
("C:\Users\Jacu\AppData\Local\Programs\MiKTeX 2.9\tex\latex\amsmath\amsbsy.sty"
Package: amsbsy 1999/11/29 v1.2d Bold Symbols
\pmbraise@=\dimen105
) ("C:\Users\Jacu\AppData\Local\Programs\MiKTeX 2.9\tex\latex\amsmath\amsopn.st
y"
Package: amsopn 2016/03/08 v2.02 operator names
)
\inf@bad=\count90
LaTeX Info: Redefining \frac on input line 213.
\uproot@=\count91
\leftroot@=\count92
LaTeX Info: Redefining \overline on input line 375.
\classnum@=\count93
\DOTSCASE@=\count94
LaTeX Info: Redefining \ldots on input line 472.
LaTeX Info: Redefining \dots on input line 475.
LaTeX Info: Redefining \cdots on input line 596.
\Mathstrutbox@=\box26
\strutbox@=\box27
\big@size=\dimen106
LaTeX Font Info:    Redeclaring font encoding OML on input line 712.
LaTeX Font Info:    Redeclaring font encoding OMS on input line 713.
\macc@depth=\count95
\c@MaxMatrixCols=\count96
\dotsspace@=\muskip10
\c@parentequation=\count97
\dspbrk@lvl=\count98
\tag@help=\toks18
\row@=\count99
\column@=\count100
\maxfields@=\count101
\andhelp@=\toks19
\eqnshift@=\dimen107
\alignsep@=\dimen108
\tagshift@=\dimen109
\tagwidth@=\dimen110
\totwidth@=\dimen111
\lineht@=\dimen112
\@envbody=\toks20
\multlinegap=\skip44
\multlinetaggap=\skip45
\mathdisplay@stack=\toks21
LaTeX Info: Redefining \[ on input line 2817.
LaTeX Info: Redefining \] on input line 2818.
) ("C:\Users\Jacu\AppData\Local\Programs\MiKTeX 2.9\tex\latex\tools\bm.sty"
Package: bm 2017/01/16 v1.2c Bold Symbol Support (DPC/FMi)
\symboldoperators=\mathgroup6
\symboldletters=\mathgroup7
\symboldsymbols=\mathgroup8
LaTeX Font Info:    Redeclaring math alphabet \mathbf on input line 141.
LaTeX Info: Redefining \bm on input line 207.
)
("C:\Users\Jacu\AppData\Local\Programs\MiKTeX 2.9\tex\latex\listings\listings.s
ty"
("C:\Users\Jacu\AppData\Local\Programs\MiKTeX 2.9\tex\latex\graphics\keyval.sty
"
Package: keyval 2014/10/28 v1.15 key=value parser (DPC)
\KV@toks@=\toks22
)
\lst@mode=\count102
\lst@gtempboxa=\box28
\lst@token=\toks23
\lst@length=\count103
\lst@currlwidth=\dimen113
\lst@column=\count104
\lst@pos=\count105
\lst@lostspace=\dimen114
\lst@width=\dimen115
\lst@newlines=\count106
\lst@lineno=\count107
\lst@maxwidth=\dimen116

("C:\Users\Jacu\AppData\Local\Programs\MiKTeX 2.9\tex\latex\listings\lstmisc.st
y"
File: lstmisc.sty 2018/09/02 1.7 (Carsten Heinz)
\c@lstnumber=\count108
\lst@skipnumbers=\count109
\lst@framebox=\box29
)
("C:\Users\Jacu\AppData\Local\Programs\MiKTeX 2.9\tex\latex\listings\listings.c
fg"
File: listings.cfg 2018/09/02 1.7 listings configuration
))
Package: listings 2018/09/02 1.7 (Carsten Heinz)

("C:\Users\Jacu\AppData\Local\Programs\MiKTeX 2.9\tex\latex\graphics\graphicx.s
ty"
Package: graphicx 2017/06/01 v1.1a Enhanced LaTeX Graphics (DPC,SPQR)

("C:\Users\Jacu\AppData\Local\Programs\MiKTeX 2.9\tex\latex\graphics\graphics.s
ty"
Package: graphics 2017/06/25 v1.2c Standard LaTeX Graphics (DPC,SPQR)

("C:\Users\Jacu\AppData\Local\Programs\MiKTeX 2.9\tex\latex\graphics\trig.sty"
Package: trig 2016/01/03 v1.10 sin cos tan (DPC)
)
("C:\Users\Jacu\AppData\Local\Programs\MiKTeX 2.9\tex\latex\graphics-cfg\graphi
cs.cfg"
File: graphics.cfg 2016/06/04 v1.11 sample graphics configuration
)
Package graphics Info: Driver file: pdftex.def on input line 99.

("C:\Users\Jacu\AppData\Local\Programs\MiKTeX 2.9\tex\latex\graphics-def\pdftex
.def"
File: pdftex.def 2018/01/08 v1.0l Graphics/color driver for pdftex
))
\Gin@req@height=\dimen117
\Gin@req@width=\dimen118
)
("C:\Users\Jacu\AppData\Local\Programs\MiKTeX 2.9\tex\latex\geometry\geometry.s
ty"
Package: geometry 2018/04/16 v5.8 Page Geometry

("C:\Users\Jacu\AppData\Local\Programs\MiKTeX 2.9\tex\generic\oberdiek\ifpdf.st
y"
Package: ifpdf 2017/03/15 v3.2 Provides the ifpdf switch
)
("C:\Users\Jacu\AppData\Local\Programs\MiKTeX 2.9\tex\generic\oberdiek\ifvtex.s
ty"
Package: ifvtex 2016/05/16 v1.6 Detect VTeX and its facilities (HO)
Package ifvtex Info: VTeX not detected.
)
("C:\Users\Jacu\AppData\Local\Programs\MiKTeX 2.9\tex\generic\ifxetex\ifxetex.s
ty"
Package: ifxetex 2010/09/12 v0.6 Provides ifxetex conditional
)
\Gm@cnth=\count110
\Gm@cntv=\count111
\c@Gm@tempcnt=\count112
\Gm@bindingoffset=\dimen119
\Gm@wd@mp=\dimen120
\Gm@odd@mp=\dimen121
\Gm@even@mp=\dimen122
\Gm@layoutwidth=\dimen123
\Gm@layoutheight=\dimen124
\Gm@layouthoffset=\dimen125
\Gm@layoutvoffset=\dimen126
\Gm@dimlist=\toks24

("C:\Users\Jacu\AppData\Local\Programs\MiKTeX 2.9\tex\latex\geometry\geometry.c
fg"))
("C:\Users\Jacu\AppData\Local\Programs\MiKTeX 2.9\tex\latex\float\float.sty"
Package: float 2001/11/08 v1.3d Float enhancements (AL)
\c@float@type=\count113
\float@exts=\toks25
\float@box=\box30
\@float@everytoks=\toks26
\@floatcapt=\box31
)
("C:\Users\Jacu\AppData\Local\Programs\MiKTeX 2.9\tex\latex\subfigure\subfigure
.sty"
Package: subfigure 2002/07/30 v2.1.4 subfigure package
\subfigtopskip=\skip46
\subfigcapskip=\skip47
\subfigcaptopadj=\dimen127
\subfigbottomskip=\skip48
\subfigcapmargin=\dimen128
\subfiglabelskip=\skip49
\c@subfigure=\count114
\c@lofdepth=\count115
\c@subtable=\count116
\c@lotdepth=\count117

****************************************
* Local config file subfigure.cfg used *
****************************************

("C:\Users\Jacu\AppData\Local\Programs\MiKTeX 2.9\tex\latex\subfigure\subfigure
.cfg")
\subfig@top=\skip50
\subfig@bottom=\skip51
)
("C:\Users\Jacu\AppData\Local\Programs\MiKTeX 2.9\tex\latex\wrapfig\wrapfig.sty
"
\wrapoverhang=\dimen129
\WF@size=\dimen130
\c@WF@wrappedlines=\count118
\WF@box=\box32
\WF@everypar=\toks27
Package: wrapfig 2003/01/31  v 3.6
)
("C:\Users\Jacu\AppData\Local\Programs\MiKTeX 2.9\tex\latex\comment\comment.sty
"
\CommentStream=\write3
 Excluding comment 'comment')
("C:\Users\Jacu\AppData\Local\Programs\MiKTeX 2.9\tex\latex\hyperref\hyperref.s
ty"
Package: hyperref 2018/02/06 v6.86b Hypertext links for LaTeX

("C:\Users\Jacu\AppData\Local\Programs\MiKTeX 2.9\tex\generic\oberdiek\hobsub-h
yperref.sty"
Package: hobsub-hyperref 2016/05/16 v1.14 Bundle oberdiek, subset hyperref (HO)


("C:\Users\Jacu\AppData\Local\Programs\MiKTeX 2.9\tex\generic\oberdiek\hobsub-g
eneric.sty"
Package: hobsub-generic 2016/05/16 v1.14 Bundle oberdiek, subset generic (HO)
Package: hobsub 2016/05/16 v1.14 Construct package bundles (HO)
Package: infwarerr 2016/05/16 v1.4 Providing info/warning/error messages (HO)
Package: ltxcmds 2016/05/16 v1.23 LaTeX kernel commands for general use (HO)
Package: ifluatex 2016/05/16 v1.4 Provides the ifluatex switch (HO)
Package ifluatex Info: LuaTeX not detected.
Package hobsub Info: Skipping package `ifvtex' (already loaded).
Package: intcalc 2016/05/16 v1.2 Expandable calculations with integers (HO)
Package hobsub Info: Skipping package `ifpdf' (already loaded).
Package: etexcmds 2016/05/16 v1.6 Avoid name clashes with e-TeX commands (HO)
Package etexcmds Info: Could not find \expanded.
(etexcmds)             That can mean that you are not using pdfTeX 1.50 or
(etexcmds)             that some package has redefined \expanded.
(etexcmds)             In the latter case, load this package earlier.
Package: kvsetkeys 2016/05/16 v1.17 Key value parser (HO)
Package: kvdefinekeys 2016/05/16 v1.4 Define keys (HO)
Package: pdftexcmds 2018/01/30 v0.27 Utility functions of pdfTeX for LuaTeX (HO
)
Package pdftexcmds Info: LuaTeX not detected.
Package pdftexcmds Info: \pdf@primitive is available.
Package pdftexcmds Info: \pdf@ifprimitive is available.
Package pdftexcmds Info: \pdfdraftmode found.
Package: pdfescape 2016/05/16 v1.14 Implements pdfTeX's escape features (HO)
Package: bigintcalc 2016/05/16 v1.4 Expandable calculations on big integers (HO
)
Package: bitset 2016/05/16 v1.2 Handle bit-vector datatype (HO)
Package: uniquecounter 2016/05/16 v1.3 Provide unlimited unique counter (HO)
)
Package hobsub Info: Skipping package `hobsub' (already loaded).
Package: letltxmacro 2016/05/16 v1.5 Let assignment for LaTeX macros (HO)
Package: hopatch 2016/05/16 v1.3 Wrapper for package hooks (HO)
Package: xcolor-patch 2016/05/16 xcolor patch
Package: atveryend 2016/05/16 v1.9 Hooks at the very end of document (HO)
Package atveryend Info: \enddocument detected (standard20110627).
Package: atbegshi 2016/06/09 v1.18 At begin shipout hook (HO)
Package: refcount 2016/05/16 v3.5 Data extraction from label references (HO)
Package: hycolor 2016/05/16 v1.8 Color options for hyperref/bookmark (HO)
)
("C:\Users\Jacu\AppData\Local\Programs\MiKTeX 2.9\tex\latex\oberdiek\auxhook.st
y"
Package: auxhook 2016/05/16 v1.4 Hooks for auxiliary files (HO)
)
("C:\Users\Jacu\AppData\Local\Programs\MiKTeX 2.9\tex\latex\oberdiek\kvoptions.
sty"
Package: kvoptions 2016/05/16 v3.12 Key value format for package options (HO)
)
\@linkdim=\dimen131
\Hy@linkcounter=\count119
\Hy@pagecounter=\count120

("C:\Users\Jacu\AppData\Local\Programs\MiKTeX 2.9\tex\latex\hyperref\pd1enc.def
"
File: pd1enc.def 2018/02/06 v6.86b Hyperref: PDFDocEncoding definition (HO)
Now handling font encoding PD1 ...
... no UTF-8 mapping file for font encoding PD1
)
\Hy@SavedSpaceFactor=\count121

("C:\Users\Jacu\AppData\Local\Programs\MiKTeX 2.9\tex\latex\00miktex\hyperref.c
fg"
File: hyperref.cfg 2002/06/06 v1.2 hyperref configuration of TeXLive
)
Package hyperref Info: Hyper figures OFF on input line 4509.
Package hyperref Info: Link nesting OFF on input line 4514.
Package hyperref Info: Hyper index ON on input line 4517.
Package hyperref Info: Plain pages OFF on input line 4524.
Package hyperref Info: Backreferencing OFF on input line 4529.
Package hyperref Info: Implicit mode ON; LaTeX internals redefined.
Package hyperref Info: Bookmarks ON on input line 4762.
\c@Hy@tempcnt=\count122
 ("C:\Users\Jacu\AppData\Local\Programs\MiKTeX 2.9\tex\latex\url\url.sty"
\Urlmuskip=\muskip11
Package: url 2013/09/16  ver 3.4  Verb mode for urls, etc.
)
LaTeX Info: Redefining \url on input line 5115.
\XeTeXLinkMargin=\dimen132
\Fld@menulength=\count123
\Field@Width=\dimen133
\Fld@charsize=\dimen134
Package hyperref Info: Hyper figures OFF on input line 6369.
Package hyperref Info: Link nesting OFF on input line 6374.
Package hyperref Info: Hyper index ON on input line 6377.
Package hyperref Info: backreferencing OFF on input line 6384.
Package hyperref Info: Link coloring OFF on input line 6389.
Package hyperref Info: Link coloring with OCG OFF on input line 6394.
Package hyperref Info: PDF/A mode OFF on input line 6399.
LaTeX Info: Redefining \ref on input line 6439.
LaTeX Info: Redefining \pageref on input line 6443.
\Hy@abspage=\count124
\c@Item=\count125
\c@Hfootnote=\count126
)
Package hyperref Info: Driver (autodetected): hpdftex.

("C:\Users\Jacu\AppData\Local\Programs\MiKTeX 2.9\tex\latex\hyperref\hpdftex.de
f"
File: hpdftex.def 2018/02/06 v6.86b Hyperref driver for pdfTeX
\Fld@listcount=\count127
\c@bookmark@seq@number=\count128

("C:\Users\Jacu\AppData\Local\Programs\MiKTeX 2.9\tex\latex\oberdiek\rerunfilec
heck.sty"
Package: rerunfilecheck 2016/05/16 v1.8 Rerun checks for auxiliary files (HO)
Package uniquecounter Info: New unique counter `rerunfilecheck' on input line 2
82.
)
\Hy@SectionHShift=\skip52
)
("C:\Users\Jacu\AppData\Local\Programs\MiKTeX 2.9\tex\latex\listings\lstlang1.s
ty"
File: lstlang1.sty 2018/09/02 1.7 listings language file
) ("C:\Users\Jacu\Desktop\Assignment 2\LaTeX\build\Assignment 2.aux")
\openout1 = `"Assignment 2.aux"'.

LaTeX Font Info:    Checking defaults for OML/cmm/m/it on input line 46.
LaTeX Font Info:    ... okay on input line 46.
LaTeX Font Info:    Checking defaults for T1/cmr/m/n on input line 46.
LaTeX Font Info:    ... okay on input line 46.
LaTeX Font Info:    Checking defaults for OT1/cmr/m/n on input line 46.
LaTeX Font Info:    ... okay on input line 46.
LaTeX Font Info:    Checking defaults for OMS/cmsy/m/n on input line 46.
LaTeX Font Info:    ... okay on input line 46.
LaTeX Font Info:    Checking defaults for OMX/cmex/m/n on input line 46.
LaTeX Font Info:    ... okay on input line 46.
LaTeX Font Info:    Checking defaults for U/cmr/m/n on input line 46.
LaTeX Font Info:    ... okay on input line 46.
LaTeX Font Info:    Checking defaults for PD1/pdf/m/n on input line 46.
LaTeX Font Info:    ... okay on input line 46.
\c@lstlisting=\count129

("C:\Users\Jacu\AppData\Local\Programs\MiKTeX 2.9\tex\context\base\supp-pdf.mki
i"
[Loading MPS to PDF converter (version 2006.09.02).]
\scratchcounter=\count130
\scratchdimen=\dimen135
\scratchbox=\box33
\nofMPsegments=\count131
\nofMParguments=\count132
\everyMPshowfont=\toks28
\MPscratchCnt=\count133
\MPscratchDim=\dimen136
\MPnumerator=\count134
\makeMPintoPDFobject=\count135
\everyMPtoPDFconversion=\toks29
)
("C:\Users\Jacu\AppData\Local\Programs\MiKTeX 2.9\tex\latex\oberdiek\epstopdf-b
ase.sty"
Package: epstopdf-base 2016/05/15 v2.6 Base part for package epstopdf

("C:\Users\Jacu\AppData\Local\Programs\MiKTeX 2.9\tex\latex\oberdiek\grfext.sty
"
Package: grfext 2016/05/16 v1.2 Manage graphics extensions (HO)
)
Package epstopdf-base Info: Redefining graphics rule for `.eps' on input line 4
38.
Package grfext Info: Graphics extension search list:
(grfext)             [.pdf,.png,.jpg,.mps,.jpeg,.jbig2,.jb2,.PDF,.PNG,.JPG,.JPE
G,.JBIG2,.JB2,.eps]
(grfext)             \AppendGraphicsExtensions on input line 456.
)
*geometry* driver: auto-detecting
*geometry* detected driver: pdftex
*geometry* verbose mode - [ preamble ] result:
* driver: pdftex
* paper: a4paper
* layout: <same size as paper>
* layoutoffset:(h,v)=(0.0pt,0.0pt)
* bindingoffset: 14.22636pt
* modes: heightrounded 
* h-part:(L,W,R)=(56.9055pt, 469.4705pt, 56.9055pt)
* v-part:(T,H,B)=(56.9055pt, 731.23584pt, 56.9055pt)
* \paperwidth=597.50787pt
* \paperheight=845.04684pt
* \textwidth=469.4705pt
* \textheight=737.0pt
* \oddsidemargin=-1.13812pt
* \evensidemargin=-15.36449pt
* \topmargin=-52.36449pt
* \headheight=12.0pt
* \headsep=25.0pt
* \topskip=12.0pt
* \footskip=30.0pt
* \marginparwidth=35.0pt
* \marginparsep=10.0pt
* \columnsep=10.0pt
* \skip\footins=10.8pt plus 4.0pt minus 2.0pt
* \hoffset=0.0pt
* \voffset=0.0pt
* \mag=1000
* \@twocolumnfalse
* \@twosidefalse
* \@mparswitchfalse
* \@reversemarginfalse
* (1in=72.27pt=25.4mm, 1cm=28.453pt)

\AtBeginShipoutBox=\box34
Package hyperref Info: Link coloring OFF on input line 46.

("C:\Users\Jacu\AppData\Local\Programs\MiKTeX 2.9\tex\latex\hyperref\nameref.st
y"
Package: nameref 2016/05/21 v2.44 Cross-referencing by name of section

("C:\Users\Jacu\AppData\Local\Programs\MiKTeX 2.9\tex\generic\oberdiek\gettitle
string.sty"
Package: gettitlestring 2016/05/16 v1.5 Cleanup title references (HO)
)
\c@section@level=\count136
)
LaTeX Info: Redefining \ref on input line 46.
LaTeX Info: Redefining \pageref on input line 46.
LaTeX Info: Redefining \nameref on input line 46.
 ("C:\Users\Jacu\Desktop\Assignment 2\LaTeX\build\Assignment 2.out") ("C:\Users
\Jacu\Desktop\Assignment 2\LaTeX\build\Assignment 2.out")
\@outlinefile=\write4
\openout4 = `"Assignment 2.out"'.

LaTeX Font Info:    Try loading font information for U+msa on input line 49.

("C:\Users\Jacu\AppData\Local\Programs\MiKTeX 2.9\tex\latex\amsfonts\umsa.fd"
File: umsa.fd 2013/01/14 v3.01 AMS symbols A
)
LaTeX Font Info:    Try loading font information for U+msb on input line 49.

("C:\Users\Jacu\AppData\Local\Programs\MiKTeX 2.9\tex\latex\amsfonts\umsb.fd"
File: umsb.fd 2013/01/14 v3.01 AMS symbols B
)
<Images/system_schematic.jpg, id=71, 578.16pt x 272.217pt>
File: Images/system_schematic.jpg Graphic file (type jpg)
<use Images/system_schematic.jpg>
Package pdftex.def Info: Images/system_schematic.jpg  used on input line 54.
(pdftex.def)             Requested size: 422.52058pt x 198.93687pt.

Overfull \hbox (11.85329pt too wide) detected at line 73
[]
 []

[1

{C:/Users/Jacu/AppData/Local/MiKTeX/2.9/pdftex/config/pdftex.map} <./Images/sys
tem_schematic.jpg>]
<Images/reference_axes.pdf, id=86, 309.27545pt x 321.10966pt>
File: Images/reference_axes.pdf Graphic file (type pdf)
<use Images/reference_axes.pdf>
Package pdftex.def Info: Images/reference_axes.pdf  used on input line 100.
(pdftex.def)             Requested size: 70.41771pt x 73.1089pt.
<Images/reference_spring.pdf, id=87, 329.96275pt x 197.85919pt>
File: Images/reference_spring.pdf Graphic file (type pdf)
<use Images/reference_spring.pdf>
Package pdftex.def Info: Images/reference_spring.pdf  used on input line 103.
(pdftex.def)             Requested size: 70.41771pt x 42.2249pt.
 [2

 <./Images/reference_axes.pdf> <./Images/reference_spring.pdf>]
Overfull \hbox (22.84576pt too wide) in paragraph at lines 158--188
[]$[]$ $[]$ $[]$ 
 []


Overfull \hbox (22.84576pt too wide) in paragraph at lines 191--218
[]$[]$ $[]$ $[]$ 
 []


Overfull \hbox (22.84576pt too wide) in paragraph at lines 221--241
[]$[]$ $[]$ $[]$ 
 []

[3]
LaTeX Font Info:    Try loading font information for T1+cmtt on input line 296.

 ("C:\Users\Jacu\AppData\Local\Programs\MiKTeX 2.9\tex\latex\base\t1cmtt.fd"
File: t1cmtt.fd 2014/09/29 v2.5h Standard LaTeX font definitions
)
LaTeX Font Info:    Font shape `T1/cmtt/bx/n' in size <10.95> not available
(Font)              Font shape `T1/cmtt/m/n' tried instead on input line 296.

Overfull \hbox (20.23529pt too wide) in paragraph at lines 316--338
[]$[]$ $[]$ 
 []

[4] [5

]
Overfull \hbox (17.4748pt too wide) detected at line 596
[]
 []

[6]
<Images/free_time_responses.png, id=143, 1445.4pt x 705.38531pt>
File: Images/free_time_responses.png Graphic file (type png)
<use Images/free_time_responses.png>
Package pdftex.def Info: Images/free_time_responses.png  used on input line 611
.
(pdftex.def)             Requested size: 578.14977pt x 282.14912pt.

Overfull \hbox (41.28975pt too wide) in paragraph at lines 610--612
[]  [] 
 []

[7 <./Images/free_time_responses.png (PNG copy)>]
<Images/free_time_responses_mode2.png, id=153, 1445.4pt x 705.38531pt>
File: Images/free_time_responses_mode2.png Graphic file (type png)
<use Images/free_time_responses_mode2.png>
Package pdftex.def Info: Images/free_time_responses_mode2.png  used on input li
ne 678.
(pdftex.def)             Requested size: 578.14977pt x 282.14912pt.

Overfull \hbox (41.28975pt too wide) in paragraph at lines 677--679
[]  [] 
 []

[8 <./Images/free_time_responses_mode2.png (PNG copy)>]
<Images/free_time_responses_mode2_x3.png, id=158, 1445.4pt x 705.38531pt>
File: Images/free_time_responses_mode2_x3.png Graphic file (type png)
<use Images/free_time_responses_mode2_x3.png>
Package pdftex.def Info: Images/free_time_responses_mode2_x3.png  used on input
 line 687.
(pdftex.def)             Requested size: 578.14977pt x 282.14912pt.

Overfull \hbox (41.28975pt too wide) in paragraph at lines 686--688
[]  [] 
 []

<Images/frfs_modulus.png, id=160, 1445.4pt x 705.38531pt>
File: Images/frfs_modulus.png Graphic file (type png)
<use Images/frfs_modulus.png>
Package pdftex.def Info: Images/frfs_modulus.png  used on input line 721.
(pdftex.def)             Requested size: 578.14977pt x 282.14912pt.

Overfull \hbox (41.28975pt too wide) in paragraph at lines 720--722
[]  [] 
 []


LaTeX Warning: `h' float specifier changed to `ht'.

<Images/frfs_phase.png, id=161, 1445.4pt x 705.38531pt>
File: Images/frfs_phase.png Graphic file (type png)
<use Images/frfs_phase.png>
Package pdftex.def Info: Images/frfs_phase.png  used on input line 726.
(pdftex.def)             Requested size: 578.14977pt x 282.14912pt.

Overfull \hbox (41.28975pt too wide) in paragraph at lines 725--727
[]  [] 
 []

[9

 <./Images/free_time_responses_mode2_x3.png (PNG copy)>] [10 <./Images/frfs_mod
ulus.png (PNG copy)> <./Images/frfs_phase.png (PNG copy)>]
<Images/frfs_modulus_x3.png, id=171, 1445.4pt x 705.38531pt>
File: Images/frfs_modulus_x3.png Graphic file (type png)
<use Images/frfs_modulus_x3.png>
Package pdftex.def Info: Images/frfs_modulus_x3.png  used on input line 735.
(pdftex.def)             Requested size: 578.14977pt x 282.14912pt.

Overfull \hbox (41.28975pt too wide) in paragraph at lines 734--736
[]  [] 
 []

<Images/co-located_a.png, id=174, 1445.4pt x 705.38531pt>
File: Images/co-located_a.png Graphic file (type png)
<use Images/co-located_a.png>
Package pdftex.def Info: Images/co-located_a.png  used on input line 756.
(pdftex.def)             Requested size: 578.14977pt x 282.14912pt.

Overfull \hbox (41.28975pt too wide) in paragraph at lines 755--757
[]  [] 
 []

[11 <./Images/frfs_modulus_x3.png (PNG copy)>]
<Images/co-located_disc2.png, id=179, 1445.4pt x 705.38531pt>
File: Images/co-located_disc2.png Graphic file (type png)
<use Images/co-located_disc2.png>
Package pdftex.def Info: Images/co-located_disc2.png  used on input line 769.
(pdftex.def)             Requested size: 578.14977pt x 282.14912pt.

Overfull \hbox (41.28975pt too wide) in paragraph at lines 768--770
[]  [] 
 []

[12 <./Images/co-located_a.png (PNG copy)> <./Images/co-located_disc2.png (PNG 
copy)>]
<Images/complete_time_responses.png, id=186, 1445.4pt x 705.38531pt>
File: Images/complete_time_responses.png Graphic file (type png)
<use Images/complete_time_responses.png>
Package pdftex.def Info: Images/complete_time_responses.png  used on input line
 814.
(pdftex.def)             Requested size: 578.14977pt x 282.14912pt.

Overfull \hbox (41.28975pt too wide) in paragraph at lines 813--815
[]  [] 
 []

[13

 <./Images/complete_time_responses.png (PNG copy)>]
<Images/forced_motion.png, id=193, 1445.4pt x 705.38531pt>
File: Images/forced_motion.png Graphic file (type png)
<use Images/forced_motion.png>
Package pdftex.def Info: Images/forced_motion.png  used on input line 839.
(pdftex.def)             Requested size: 578.14977pt x 282.14912pt.

Overfull \hbox (41.28975pt too wide) in paragraph at lines 838--840
[]  [] 
 []

[14 <./Images/forced_motion.png (PNG copy)>]
<Images/modal_frfs_modulus.png, id=201, 1445.4pt x 705.38531pt>
File: Images/modal_frfs_modulus.png Graphic file (type png)
<use Images/modal_frfs_modulus.png>
Package pdftex.def Info: Images/modal_frfs_modulus.png  used on input line 930.

(pdftex.def)             Requested size: 578.14977pt x 282.14912pt.

Overfull \hbox (41.28975pt too wide) in paragraph at lines 929--931
[]  [] 
 []

[15]
<Images/modal_frfs_phase.png, id=206, 1445.4pt x 705.38531pt>
File: Images/modal_frfs_phase.png Graphic file (type png)
<use Images/modal_frfs_phase.png>
Package pdftex.def Info: Images/modal_frfs_phase.png  used on input line 935.
(pdftex.def)             Requested size: 578.14977pt x 282.14912pt.

Overfull \hbox (41.28975pt too wide) in paragraph at lines 934--936
[]  [] 
 []

[16 <./Images/modal_frfs_modulus.png (PNG copy)> <./Images/modal_frfs_phase.png
 (PNG copy)>]
<Images/co-located_a_physical_vs_modal.png, id=212, 1445.4pt x 705.38531pt>
File: Images/co-located_a_physical_vs_modal.png Graphic file (type png)
<use Images/co-located_a_physical_vs_modal.png>
Package pdftex.def Info: Images/co-located_a_physical_vs_modal.png  used on inp
ut line 970.
(pdftex.def)             Requested size: 578.14977pt x 282.14912pt.

Overfull \hbox (41.28975pt too wide) in paragraph at lines 969--971
[]  [] 
 []

[17

 <./Images/co-located_a_physical_vs_modal.png (PNG copy)>]
<Images/co-located_disc2_physical_vs_modal.png, id=218, 1445.4pt x 705.38531pt>

File: Images/co-located_disc2_physical_vs_modal.png Graphic file (type png)
<use Images/co-located_disc2_physical_vs_modal.png>
Package pdftex.def Info: Images/co-located_disc2_physical_vs_modal.png  used on
 input line 996.
(pdftex.def)             Requested size: 578.14977pt x 282.14912pt.

Overfull \hbox (41.28975pt too wide) in paragraph at lines 995--997
[]  [] 
 []

Package atveryend Info: Empty hook `BeforeClearDocument' on input line 1000.
[18

 <./Images/co-located_disc2_physical_vs_modal.png (PNG copy)>]
Package atveryend Info: Empty hook `AfterLastShipout' on input line 1000.

("C:\Users\Jacu\Desktop\Assignment 2\LaTeX\build\Assignment 2.aux")
Package atveryend Info: Executing hook `AtVeryEndDocument' on input line 1000.
Package atveryend Info: Executing hook `AtEndAfterFileList' on input line 1000.

Package rerunfilecheck Info: File `"Assignment 2".out' has not changed.
(rerunfilecheck)             Checksum: B51DF821EE00D0B894261C65129B9EC1;1282.


LaTeX Warning: Label(s) may have changed. Rerun to get cross-references right.

Package atveryend Info: Empty hook `AtVeryVeryEnd' on input line 1000.
 ) 
Here is how much of TeX's memory you used:
 9808 strings out of 492973
 139847 string characters out of 3127135
 434868 words of memory out of 3000000
 13455 multiletter control sequences out of 15000+200000
 27545 words of font info for 80 fonts, out of 3000000 for 9000
 1141 hyphenation exceptions out of 8191
 28i,28n,40p,1385b,1627s stack positions out of 5000i,500n,10000p,200000b,50000s
 <C:\Users\Jacu\AppData\Local\MiKTeX\2.9\fonts\pk\ljfour\jknappen\ec\dpi600\e
cbx0800.pk> <C:\Users\Jacu\AppData\Local\MiKTeX\2.9\fonts\pk\ljfour\jknappen\ec
\dpi600\ecrm0600.pk> <C:\Users\Jacu\AppData\Local\MiKTeX\2.9\fonts\pk\ljfour\jk
nappen\ec\dpi600\ectt1095.pk> <C:\Users\Jacu\AppData\Local\MiKTeX\2.9\fonts\pk\
ljfour\jknappen\ec\dpi600\ecrm0800.pk> <C:\Users\Jacu\AppData\Local\MiKTeX\2.9\
fonts\pk\ljfour\jknappen\ec\dpi600\ecbx1200.pk> <C:\Users\Jacu\AppData\Local\Mi
KTeX\2.9\fonts\pk\ljfour\jknappen\ec\dpi600\ecbx1440.pk> <C:\Users\Jacu\AppData
\Local\MiKTeX\2.9\fonts\pk\ljfour\jknappen\ec\dpi600\ecrm1200.pk> <C:\Users\Jac
u\AppData\Local\MiKTeX\2.9\fonts\pk\ljfour\jknappen\ec\dpi600\ecbx1728.pk> <C:\
Users\Jacu\AppData\Local\MiKTeX\2.9\fonts\pk\ljfour\jknappen\ec\dpi600\ecrm1440
.pk> <C:\Users\Jacu\AppData\Local\MiKTeX\2.9\fonts\pk\ljfour\jknappen\ec\dpi600
\ecrm2074.pk><C:/Users/Jacu/AppData/Local/Programs/MiKTeX 2.9/fonts/type1/publi
c/amsfonts/cm/cmbx12.pfb><C:/Users/Jacu/AppData/Local/Programs/MiKTeX 2.9/fonts
/type1/public/amsfonts/cm/cmbx6.pfb><C:/Users/Jacu/AppData/Local/Programs/MiKTe
X 2.9/fonts/type1/public/amsfonts/cm/cmbx8.pfb><C:/Users/Jacu/AppData/Local/Pro
grams/MiKTeX 2.9/fonts/type1/public/amsfonts/cm/cmex10.pfb><C:/Users/Jacu/AppDa
ta/Local/Programs/MiKTeX 2.9/fonts/type1/public/amsfonts/cm/cmmi12.pfb><C:/User
s/Jacu/AppData/Local/Programs/MiKTeX 2.9/fonts/type1/public/amsfonts/cm/cmmi6.p
fb><C:/Users/Jacu/AppData/Local/Programs/MiKTeX 2.9/fonts/type1/public/amsfonts
/cm/cmmi8.pfb><C:/Users/Jacu/AppData/Local/Programs/MiKTeX 2.9/fonts/type1/publ
ic/amsfonts/cm/cmmib10.pfb><C:/Users/Jacu/AppData/Local/Programs/MiKTeX 2.9/fon
ts/type1/public/amsfonts/cm/cmr10.pfb><C:/Users/Jacu/AppData/Local/Programs/MiK
TeX 2.9/fonts/type1/public/amsfonts/cm/cmr12.pfb><C:/Users/Jacu/AppData/Local/P
rograms/MiKTeX 2.9/fonts/type1/public/amsfonts/cm/cmr6.pfb><C:/Users/Jacu/AppDa
ta/Local/Programs/MiKTeX 2.9/fonts/type1/public/amsfonts/cm/cmr8.pfb><C:/Users/
Jacu/AppData/Local/Programs/MiKTeX 2.9/fonts/type1/public/amsfonts/cm/cmsy10.pf
b><C:/Users/Jacu/AppData/Local/Programs/MiKTeX 2.9/fonts/type1/public/amsfonts/
cm/cmsy6.pfb><C:/Users/Jacu/AppData/Local/Programs/MiKTeX 2.9/fonts/type1/publi
c/amsfonts/cm/cmsy8.pfb><C:/Users/Jacu/AppData/Local/Programs/MiKTeX 2.9/fonts/
type1/public/amsfonts/symbols/msam10.pfb>
Output written on "C:\Users\Jacu\Desktop\Assignment 2\LaTeX\build\Assignment 2.
pdf" (18 pages, 1595733 bytes).
PDF statistics:
 591 PDF objects out of 1000 (max. 8388607)
 50 named destinations out of 1000 (max. 500000)
 222 words of extra memory for PDF output out of 10000 (max. 10000000)

